d:\vs2015\qt\gradual\gurdual\gurdual\x64\debug\moc_gurdual.obj
d:\vs2015\qt\gradual\gurdual\gurdual\x64\debug\qrc_gurdual.obj
d:\vs2015\qt\gradual\gurdual\gurdual\x64\debug\gurdual.obj
d:\vs2015\qt\gradual\gurdual\gurdual\x64\debug\main.obj
d:\vs2015\qt\gradual\gurdual\gurdual\x64\debug\vc140.pdb
d:\vs2015\qt\gradual\gurdual\gurdual\generatedfiles\ui_gurdual.h
d:\vs2015\qt\gradual\gurdual\gurdual\generatedfiles\qrc_gurdual.cpp
d:\vs2015\qt\gradual\gurdual\gurdual\generatedfiles\debug\moc_gurdual.cpp
d:\vs2015\qt\gradual\gurdual\x64\debug\gurdual.ilk
d:\vs2015\qt\gradual\gurdual\x64\debug\gurdual.exe
d:\vs2015\qt\gradual\gurdual\x64\debug\gurdual.pdb
d:\vs2015\qt\gradual\gurdual\gurdual\.\generatedfiles\debug\moc_gurdual.cpp
d:\vs2015\qt\gradual\gurdual\gurdual\.\generatedfiles\qrc_gurdual.cpp
d:\vs2015\qt\gradual\gurdual\gurdual\.\generatedfiles\ui_gurdual.h
d:\vs2015\qt\gradual\gurdual\gurdual\x64\debug\gurdual.tlog\cl.command.1.tlog
d:\vs2015\qt\gradual\gurdual\gurdual\x64\debug\gurdual.tlog\cl.read.1.tlog
d:\vs2015\qt\gradual\gurdual\gurdual\x64\debug\gurdual.tlog\cl.write.1.tlog
d:\vs2015\qt\gradual\gurdual\gurdual\x64\debug\gurdual.tlog\gurdual.write.1u.tlog
d:\vs2015\qt\gradual\gurdual\gurdual\x64\debug\gurdual.tlog\link.command.1.tlog
d:\vs2015\qt\gradual\gurdual\gurdual\x64\debug\gurdual.tlog\link.read.1.tlog
d:\vs2015\qt\gradual\gurdual\gurdual\x64\debug\gurdual.tlog\link.write.1.tlog
d:\vs2015\qt\gradual\gurdual\gurdual\x64\debug\gurdual.tlog\moc.read.1u.tlog
d:\vs2015\qt\gradual\gurdual\gurdual\x64\debug\gurdual.tlog\moc.write.1u.tlog
d:\vs2015\qt\gradual\gurdual\gurdual\x64\debug\gurdual.tlog\rcc.read.1u.tlog
d:\vs2015\qt\gradual\gurdual\gurdual\x64\debug\gurdual.tlog\rcc.write.1u.tlog
d:\vs2015\qt\gradual\gurdual\gurdual\x64\debug\gurdual.tlog\uic.read.1u.tlog
d:\vs2015\qt\gradual\gurdual\gurdual\x64\debug\gurdual.tlog\uic.write.1u.tlog
